<?xml version="1.0" encoding="UTF-8"?>
<!-- Generated by org.testng.reporters.JUnitReportReporter -->
<testsuite hostname="DESKTOP-ULLRDT4" failures="0" tests="1" name="ThermosteelFirst.ThermosteelSecondPost" time="2.511" errors="0" timestamp="05 Dec 2019 18:08:49 GMT" skipped="0">
  <testcase classname="ThermosteelFirst.ThermosteelSecondPost" name="MySecondPost" time="2.511"/>
</testsuite> <!-- ThermosteelFirst.ThermosteelSecondPost -->
