<?xml version="1.0" encoding="UTF-8"?>
<!-- Generated by org.testng.reporters.JUnitReportReporter -->
<testsuite hostname="DESKTOP-ULLRDT4" failures="0" tests="1" name="ThermosteelFirst.ThermosteelThirdAddandDelete" time="3.983" errors="0" timestamp="06 Dec 2019 17:58:51 GMT" skipped="0">
  <testcase classname="ThermosteelFirst.ThermosteelThirdAddandDelete" name="thirdAddDele" time="3.983"/>
</testsuite> <!-- ThermosteelFirst.ThermosteelThirdAddandDelete -->
