<?xml version="1.0" encoding="UTF-8"?>
<!-- Generated by org.testng.reporters.JUnitReportReporter -->
<testsuite hostname="DESKTOP-ULLRDT4" failures="0" tests="1" name="ThermosteelFirst.ThermosteelFirst" time="3.144" errors="0" timestamp="05 Dec 2019 14:40:43 GMT" skipped="0">
  <testcase classname="ThermosteelFirst.ThermosteelFirst" name="MyFirst" time="3.144"/>
</testsuite> <!-- ThermosteelFirst.ThermosteelFirst -->
